<?xml version="1.0" encoding="UTF-8"?>
<!-- Generated by org.testng.reporters.JUnitXMLReporter -->
<testsuite hostname="DESKTOP-48KVGPF" ignored="1" name="Extent Report Test" tests="5" failures="1" timestamp="04 Jun 2019 17:29:26 GMT" time="0.314" errors="0">
  <testcase name="testCase1" time="0.006" classname="com.capsulecrm.qa.util.BasicExtentReport"/>
  <testcase name="testCase2" time="0.0" classname="com.capsulecrm.qa.util.BasicExtentReport"/>
  <testcase name="testCase3" time="0.001" classname="com.capsulecrm.qa.util.BasicExtentReport"/>
  <testcase name="testCase4" time="0.001" classname="com.capsulecrm.qa.util.BasicExtentReport">
    <failure type="java.lang.AssertionError" message="expected [true] but found [false]">
      <![CDATA[java.lang.AssertionError: expected [true] but found [false]
at com.capsulecrm.qa.util.BasicExtentReport.testCase4(BasicExtentReport.java:75)
... Removed 29 stack frames]]>
    </failure>
  </testcase> <!-- testCase4 -->
  <testcase name="testCase5" time="0.001" classname="com.capsulecrm.qa.util.BasicExtentReport">
    <skipped/>
  </testcase> <!-- testCase5 -->
  <testcase name="testCase6" time="0.0" classname="com.capsulecrm.qa.util.BasicExtentReport">
    <ignored/>
  </testcase> <!-- testCase6 -->
</testsuite> <!-- Extent Report Test -->
