<?xml version="1.0" encoding="UTF-8"?>
<!-- Generated by org.testng.reporters.JUnitXMLReporter -->
<testsuite hostname="DESKTOP-48KVGPF" ignored="0" name="Test" tests="5" failures="0" timestamp="04 Jun 2019 17:30:05 GMT" time="38.731" errors="0">
  <testcase name="loginTest" time="2.488" classname="com.capsulecrm.qa.testcases.LoginPage_Test"/>
  <testcase name="robotClass" time="0.29" classname="com.capsulecrm.qa.testcases.TestRun"/>
  <testcase name="testRun" time="0.001" classname="com.capsulecrm.qa.testcases.TestRun"/>
  <testcase name="addNewPerson" time="0.99" classname="com.capsulecrm.qa.testcases.AddPerson_Test"/>
  <testcase name="addNewCase" time="1.433" classname="com.capsulecrm.qa.testcases.AddPerson_Test"/>
</testsuite> <!-- Test -->
