<?xml version="1.0" encoding="UTF-8"?>
<testng-results skipped="0" failed="0" ignored="0" total="1" passed="1">
  <reporter-output>
  </reporter-output>
  <suite name="Default suite" duration-ms="7656" started-at="2019-05-30T11:41:41Z" finished-at="2019-05-30T11:41:49Z">
    <groups>
    </groups>
    <test name="Default test" duration-ms="7656" started-at="2019-05-30T11:41:41Z" finished-at="2019-05-30T11:41:49Z">
      <class name="com.capsulecrm.qa.testcases.TestRun">
        <test-method status="PASS" signature="setUp()[pri:0, instance:com.capsulecrm.qa.testcases.TestRun@d8355a8]" name="setUp" is-config="true" duration-ms="7321" started-at="2019-05-30T11:41:41Z" finished-at="2019-05-30T11:41:49Z">
          <reporter-output>
          </reporter-output>
        </test-method> <!-- setUp -->
        <test-method status="PASS" signature="testRun()[pri:0, instance:com.capsulecrm.qa.testcases.TestRun@d8355a8]" name="testRun" duration-ms="16" started-at="2019-05-30T11:41:49Z" finished-at="2019-05-30T11:41:49Z">
          <reporter-output>
          </reporter-output>
        </test-method> <!-- testRun -->
        <test-method status="PASS" signature="tearDown()[pri:0, instance:com.capsulecrm.qa.testcases.TestRun@d8355a8]" name="tearDown" is-config="true" duration-ms="246" started-at="2019-05-30T11:41:49Z" finished-at="2019-05-30T11:41:49Z">
          <reporter-output>
          </reporter-output>
        </test-method> <!-- tearDown -->
      </class> <!-- com.capsulecrm.qa.testcases.TestRun -->
    </test> <!-- Default test -->
  </suite> <!-- Default suite -->
</testng-results>
