<?xml version="1.0" encoding="UTF-8"?>
<testng-results skipped="0" failed="0" ignored="0" total="1" passed="1">
  <reporter-output>
  </reporter-output>
  <suite name="Default suite" duration-ms="9121" started-at="2019-06-02T08:23:14Z" finished-at="2019-06-02T08:23:23Z">
    <groups>
    </groups>
    <test name="Default test" duration-ms="9121" started-at="2019-06-02T08:23:14Z" finished-at="2019-06-02T08:23:23Z">
      <class name="com.capsulecrm.qa.testcases.AddPerson_Test">
        <test-method status="PASS" signature="setUp()[pri:0, instance:com.capsulecrm.qa.testcases.AddPerson_Test@71423665]" name="setUp" is-config="true" duration-ms="7198" started-at="2019-06-02T08:23:14Z" finished-at="2019-06-02T08:23:21Z">
          <reporter-output>
          </reporter-output>
        </test-method> <!-- setUp -->
        <test-method status="PASS" signature="addNewCase(java.lang.String, java.lang.String, java.lang.String, java.lang.String, java.lang.String)[pri:0, instance:com.capsulecrm.qa.testcases.AddPerson_Test@71423665]" name="addNewCase" duration-ms="1556" started-at="2019-06-02T08:23:21Z" data-provider="getNewCaseData" finished-at="2019-06-02T08:23:23Z">
          <params>
            <param index="0">
              <value>
                <![CDATA[QA Test]]>
              </value>
            </param>
            <param index="1">
              <value>
                <![CDATA[Test Lost Car]]>
              </value>
            </param>
            <param index="2">
              <value>
                <![CDATA[Test Automation]]>
              </value>
            </param>
            <param index="3">
              <value>
                <![CDATA[Car]]>
              </value>
            </param>
            <param index="4">
              <value>
                <![CDATA[ ]]>
              </value>
            </param>
          </params>
          <reporter-output>
          </reporter-output>
        </test-method> <!-- addNewCase -->
        <test-method status="PASS" signature="tearDown()[pri:0, instance:com.capsulecrm.qa.testcases.AddPerson_Test@71423665]" name="tearDown" is-config="true" duration-ms="0" started-at="2019-06-02T08:23:23Z" finished-at="2019-06-02T08:23:23Z">
          <reporter-output>
          </reporter-output>
        </test-method> <!-- tearDown -->
      </class> <!-- com.capsulecrm.qa.testcases.AddPerson_Test -->
    </test> <!-- Default test -->
  </suite> <!-- Default suite -->
</testng-results>
