<?xml version="1.0" encoding="UTF-8"?>
<testng-results skipped="0" failed="0" ignored="0" total="1" passed="1">
  <reporter-output>
  </reporter-output>
  <suite name="Default suite" duration-ms="9073" started-at="2019-05-31T16:21:59Z" finished-at="2019-05-31T16:22:08Z">
    <groups>
    </groups>
    <test name="Default test" duration-ms="9073" started-at="2019-05-31T16:21:59Z" finished-at="2019-05-31T16:22:08Z">
      <class name="com.capsulecrm.qa.testcases.AddPerson_Test">
        <test-method status="PASS" signature="setUp()[pri:0, instance:com.capsulecrm.qa.testcases.AddPerson_Test@224edc67]" name="setUp" is-config="true" duration-ms="7762" started-at="2019-05-31T16:21:59Z" finished-at="2019-05-31T16:22:07Z">
          <reporter-output>
          </reporter-output>
        </test-method> <!-- setUp -->
        <test-method status="PASS" signature="addNewPerson()[pri:0, instance:com.capsulecrm.qa.testcases.AddPerson_Test@224edc67]" name="addNewPerson" duration-ms="724" started-at="2019-05-31T16:22:07Z" finished-at="2019-05-31T16:22:08Z">
          <reporter-output>
          </reporter-output>
        </test-method> <!-- addNewPerson -->
        <test-method status="PASS" signature="tearDown()[pri:0, instance:com.capsulecrm.qa.testcases.AddPerson_Test@224edc67]" name="tearDown" is-config="true" duration-ms="569" started-at="2019-05-31T16:22:08Z" finished-at="2019-05-31T16:22:08Z">
          <reporter-output>
          </reporter-output>
        </test-method> <!-- tearDown -->
      </class> <!-- com.capsulecrm.qa.testcases.AddPerson_Test -->
    </test> <!-- Default test -->
  </suite> <!-- Default suite -->
</testng-results>
