<?xml version="1.0" encoding="UTF-8"?>
<testng-results skipped="0" failed="0" ignored="0" total="1" passed="1">
  <reporter-output>
  </reporter-output>
  <suite name="Default suite" duration-ms="37" started-at="2019-05-28T06:44:29Z" finished-at="2019-05-28T06:44:29Z">
    <groups>
    </groups>
    <test name="Default test" duration-ms="37" started-at="2019-05-28T06:44:29Z" finished-at="2019-05-28T06:44:29Z">
      <class name="com.capsulecrm.qa.testcases.TestRun">
        <test-method status="PASS" signature="testRun()[pri:0, instance:com.capsulecrm.qa.testcases.TestRun@18be83e4]" name="testRun" duration-ms="10" started-at="2019-05-28T06:44:29Z" finished-at="2019-05-28T06:44:29Z">
          <reporter-output>
          </reporter-output>
        </test-method> <!-- testRun -->
      </class> <!-- com.capsulecrm.qa.testcases.TestRun -->
    </test> <!-- Default test -->
  </suite> <!-- Default suite -->
</testng-results>
